<?xml version="1.0" encoding="UTF-8"?>
<robot generator="Robot 7.0.1 (Python 3.12.3 on win32)" generated="2025-01-15T17:49:08.151945" rpa="false" schemaversion="5">
<suite id="s1" name="Login Test" source="C:\Users\Yogesh.c\Yogesh_Automation_1501\Tests\Login_Test.robot">
<test id="s1-t1" name="Verify Successful Login to ZPFMS" line="10">
<kw name="Open Browser" owner="SeleniumLibrary">
<msg time="2025-01-15T17:49:08.760140" level="INFO">Opening browser 'chrome' to base url 'http://192.168.0.162:9696/'.</msg>
<arg>${LOGIN_URL}</arg>
<arg>${BROWSER}</arg>
<doc>Opens a new browser instance to the optional ``url``.</doc>
<status status="PASS" start="2025-01-15T17:49:08.760140" elapsed="6.516292"/>
</kw>
<kw name="Maximize Browser Window" owner="SeleniumLibrary">
<doc>Maximizes current browser window.</doc>
<status status="PASS" start="2025-01-15T17:49:15.276432" elapsed="0.043080"/>
</kw>
<kw name="Login to ZPFMS">
<kw name="Wait Until Element Is Visible" owner="SeleniumLibrary">
<arg>id:txtUser</arg>
<arg>timeout=10</arg>
<doc>Waits until the element ``locator`` is visible.</doc>
<status status="PASS" start="2025-01-15T17:49:15.320509" elapsed="0.042156"/>
</kw>
<kw name="Input Text" owner="SeleniumLibrary">
<msg time="2025-01-15T17:49:15.362665" level="INFO">Typing text 'Dbchavan' into text field 'id:txtUser'.</msg>
<arg>id:txtUser</arg>
<arg>Dbchavan</arg>
<doc>Types the given ``text`` into the text field identified by ``locator``.</doc>
<status status="PASS" start="2025-01-15T17:49:15.362665" elapsed="0.100639"/>
</kw>
<kw name="Wait Until Element Is Visible" owner="SeleniumLibrary">
<arg>id:txtPass</arg>
<arg>timeout=10</arg>
<doc>Waits until the element ``locator`` is visible.</doc>
<status status="PASS" start="2025-01-15T17:49:15.463304" elapsed="0.018432"/>
</kw>
<kw name="Input Text" owner="SeleniumLibrary">
<msg time="2025-01-15T17:49:15.483202" level="INFO">Typing text 'Pass@123' into text field 'id:txtPass'.</msg>
<arg>id:txtPass</arg>
<arg>Pass@123</arg>
<doc>Types the given ``text`` into the text field identified by ``locator``.</doc>
<status status="PASS" start="2025-01-15T17:49:15.483202" elapsed="0.106154"/>
</kw>
<kw name="Wait Until Element Is Visible" owner="SeleniumLibrary">
<arg>xpath://*[@id="btnLogin"]</arg>
<arg>timeout=10</arg>
<doc>Waits until the element ``locator`` is visible.</doc>
<status status="PASS" start="2025-01-15T17:49:15.589356" elapsed="0.015382"/>
</kw>
<kw name="Click Element" owner="SeleniumLibrary">
<msg time="2025-01-15T17:49:15.605899" level="INFO">Clicking element 'xpath://*[@id="btnLogin"]'.</msg>
<arg>xpath://*[@id="btnLogin"]</arg>
<doc>Click the element identified by ``locator``.</doc>
<status status="PASS" start="2025-01-15T17:49:15.605899" elapsed="2.346770"/>
</kw>
<status status="PASS" start="2025-01-15T17:49:15.320509" elapsed="2.633169"/>
</kw>
<kw name="Click on Rejected Bill">
<kw name="Click Element" owner="SeleniumLibrary">
<msg time="2025-01-15T17:49:17.953956" level="INFO">Clicking element 'xpath://*[@id="ctl01"]/div[5]/div[3]/div/div/ul/li[2]/a'.</msg>
<arg>xpath://*[@id="ctl01"]/div[5]/div[3]/div/div/ul/li[2]/a</arg>
<doc>Click the element identified by ``locator``.</doc>
<status status="PASS" start="2025-01-15T17:49:17.953956" elapsed="0.106547"/>
</kw>
<kw name="Click Element" owner="SeleniumLibrary">
<msg time="2025-01-15T17:49:18.060503" level="INFO">Clicking element 'xpath://*[@id="ctl01"]/div[5]/div[3]/div/div/ul/li[2]/ul/li[4]/a'.</msg>
<arg>xpath://*[@id="ctl01"]/div[5]/div[3]/div/div/ul/li[2]/ul/li[4]/a</arg>
<doc>Click the element identified by ``locator``.</doc>
<status status="PASS" start="2025-01-15T17:49:18.060503" elapsed="1.291621"/>
</kw>
<kw name="Wait Until Element Is Visible" owner="SeleniumLibrary">
<arg>xpath://*[@id="tblOutbox"]/tbody/tr[1]/td[1]/a/div</arg>
<arg>timeout=10</arg>
<doc>Waits until the element ``locator`` is visible.</doc>
<status status="PASS" start="2025-01-15T17:49:19.352124" elapsed="1.339380"/>
</kw>
<kw name="Click Element" owner="SeleniumLibrary">
<msg time="2025-01-15T17:49:20.692504" level="INFO">Clicking element 'xpath://*[@id="tblOutbox"]/tbody/tr[1]/td[1]/a/div'.</msg>
<arg>xpath://*[@id="tblOutbox"]/tbody/tr[1]/td[1]/a/div</arg>
<doc>Click the element identified by ``locator``.</doc>
<status status="PASS" start="2025-01-15T17:49:20.692504" elapsed="0.094469"/>
</kw>
<kw name="Wait Until Element Is Visible" owner="SeleniumLibrary">
<arg>xpath://*[@id="body_btnBack"]</arg>
<arg>timeout=10</arg>
<doc>Waits until the element ``locator`` is visible.</doc>
<status status="PASS" start="2025-01-15T17:49:20.787965" elapsed="0.356886"/>
</kw>
<kw name="Click Element" owner="SeleniumLibrary">
<msg time="2025-01-15T17:49:21.145852" level="INFO">Clicking element 'xpath://*[@id="body_btnBack"]'.</msg>
<arg>xpath://*[@id="body_btnBack"]</arg>
<doc>Click the element identified by ``locator``.</doc>
<status status="PASS" start="2025-01-15T17:49:21.144851" elapsed="0.602972"/>
</kw>
<kw name="Wait Until Element Is Visible" owner="SeleniumLibrary">
<arg>xpath://*[@id="body_Button2"]</arg>
<arg>timeout=10</arg>
<doc>Waits until the element ``locator`` is visible.</doc>
<status status="PASS" start="2025-01-15T17:49:21.748333" elapsed="0.446447"/>
</kw>
<kw name="Click Element" owner="SeleniumLibrary">
<msg time="2025-01-15T17:49:22.194780" level="INFO">Clicking element 'xpath://*[@id="body_Button2"]'.</msg>
<arg>xpath://*[@id="body_Button2"]</arg>
<doc>Click the element identified by ``locator``.</doc>
<status status="PASS" start="2025-01-15T17:49:22.194780" elapsed="0.948040"/>
</kw>
<kw name="Close Browser" owner="SeleniumLibrary">
<doc>Closes the current browser.</doc>
<status status="PASS" start="2025-01-15T17:49:23.142820" elapsed="2.220757"/>
</kw>
<status status="PASS" start="2025-01-15T17:49:17.953956" elapsed="7.409621"/>
</kw>
<kw name="Create AA Details">
<msg time="2025-01-15T17:49:25.370676" level="FAIL">No keyword with name 'Create AA Details' found.</msg>
<status status="FAIL" start="2025-01-15T17:49:25.370676" elapsed="0.000000">No keyword with name 'Create AA Details' found.</status>
</kw>
<doc>This test case verifies that user is able to successfully Login to ZPFMS</doc>
<tag>Smoke</tag>
<status status="FAIL" start="2025-01-15T17:49:08.758280" elapsed="16.614334">No keyword with name 'Create AA Details' found.</status>
</test>
<status status="FAIL" start="2025-01-15T17:49:08.152947" elapsed="17.222675"/>
</suite>
<statistics>
<total>
<stat pass="0" fail="1" skip="0">All Tests</stat>
</total>
<tag>
<stat pass="0" fail="1" skip="0">Smoke</stat>
</tag>
<suite>
<stat pass="0" fail="1" skip="0" id="s1" name="Login Test">Login Test</stat>
</suite>
</statistics>
<errors>
</errors>
</robot>
